-------------------------------------------------------------------------------
Test set: com.shopme.ShopmeFrontEndApplicationTests
-------------------------------------------------------------------------------
Tests run: 1, Failures: 0, Errors: 1, Skipped: 0, Time elapsed: 0.101 s <<< FAILURE! - in com.shopme.ShopmeFrontEndApplicationTests
com.shopme.ShopmeFrontEndApplicationTests  Time elapsed: 0.1 s  <<< ERROR!
java.lang.IllegalStateException: Unable to find a @SpringBootConfiguration, you need to use @ContextConfiguration or @SpringBootTest(classes=...) with your test

