<?xml version="1.0" encoding="UTF-8"?>
<testsuite xmlns:xsi="http://www.w3.org/2001/XMLSchema-instance" xsi:noNamespaceSchemaLocation="https://maven.apache.org/surefire/maven-surefire-plugin/xsd/surefire-test-report.xsd" name="com.shopme.ShopmeFrontEndApplicationTests" time="0.101" tests="1" errors="1" skipped="0" failures="0">
  <properties>
[...]
</properties>
  <testcase name="com.shopme.ShopmeFrontEndApplicationTests" classname="com.shopme.ShopmeFrontEndApplicationTests" time="0.1">
    <error message="Unable to find a @SpringBootConfiguration, you need to use @ContextConfiguration or @SpringBootTest(classes=...) with your test" type="java.lang.IllegalStateException">java.lang.IllegalStateException: Unable to find a @SpringBootConfiguration, you need to use @ContextConfiguration or @SpringBootTest(classes=...) with your test
</error>
    <system-out><![CDATA[20:17:35.764 [main] DEBUG org.springframework.test.context.BootstrapUtils - Instantiating CacheAwareContextLoaderDelegate from class [org.springframework.test.context.cache.DefaultCacheAwareContextLoaderDelegate]
20:17:35.769 [main] DEBUG org.springframework.test.context.BootstrapUtils - Instantiating BootstrapContext using constructor [public org.springframework.test.context.support.DefaultBootstrapContext(java.lang.Class,org.springframework.test.context.CacheAwareContextLoaderDelegate)]
20:17:35.783 [main] DEBUG org.springframework.test.context.BootstrapUtils - Instantiating TestContextBootstrapper for test class [com.shopme.ShopmeFrontEndApplicationTests] from class [org.springframework.boot.test.context.SpringBootTestContextBootstrapper]
20:17:35.788 [main] INFO org.springframework.boot.test.context.SpringBootTestContextBootstrapper - Neither @ContextConfiguration nor @ContextHierarchy found for test class [com.shopme.ShopmeFrontEndApplicationTests], using SpringBootContextLoader
20:17:35.789 [main] DEBUG org.springframework.test.context.support.AbstractContextLoader - Did not detect default resource location for test class [com.shopme.ShopmeFrontEndApplicationTests]: class path resource [com/shopme/ShopmeFrontEndApplicationTests-context.xml] does not exist
20:17:35.789 [main] DEBUG org.springframework.test.context.support.AbstractContextLoader - Did not detect default resource location for test class [com.shopme.ShopmeFrontEndApplicationTests]: class path resource [com/shopme/ShopmeFrontEndApplicationTestsContext.groovy] does not exist
20:17:35.789 [main] INFO org.springframework.test.context.support.AbstractContextLoader - Could not detect default resource locations for test class [com.shopme.ShopmeFrontEndApplicationTests]: no resource found for suffixes {-context.xml, Context.groovy}.
20:17:35.790 [main] INFO org.springframework.test.context.support.AnnotationConfigContextLoaderUtils - Could not detect default configuration classes for test class [com.shopme.ShopmeFrontEndApplicationTests]: ShopmeFrontEndApplicationTests does not declare any static, non-private, non-final, nested classes annotated with @Configuration.
20:17:35.805 [main] DEBUG org.springframework.test.context.support.ActiveProfilesUtils - Could not find an 'annotation declaring class' for annotation type [org.springframework.test.context.ActiveProfiles] and class [com.shopme.ShopmeFrontEndApplicationTests]
]]></system-out>
  </testcase>
</testsuite>